<?xml version="1.0" encoding="UTF-8"?>
<!-- Generated by org.testng.reporters.JUnitReportReporter -->
<testsuite hostname="DESKTOP-H0QBEHU" failures="0" tests="12" name="tutorialsNinja.TestCases.LoginTest" time="50.974" errors="1" timestamp="2024-04-24T15:10:58 CDT" skipped="0">
  <testcase classname="tutorialsNinja.TestCases.LoginTest" name="verifyLoginWithValidCredentials" time="4.523"/>
  <testcase classname="tutorialsNinja.TestCases.LoginTest" name="verifyLoginWithValidCredentials" time="4.476"/>
  <testcase classname="tutorialsNinja.TestCases.LoginTest" name="verifyLoginWithValidCredentials" time="4.270"/>
  <testcase classname="tutorialsNinja.TestCases.LoginTest" name="verifyLoginWithValidCredentials" time="4.393"/>
  <testcase classname="tutorialsNinja.TestCases.LoginTest" name="verifyLoginWithValidCredentials" time="4.362"/>
  <testcase classname="tutorialsNinja.TestCases.LoginTest" name="verifyLoginWithValidCredentials" time="4.246"/>
  <testcase classname="tutorialsNinja.TestCases.LoginTest" name="verifyLoginWithValidCredentials" time="4.361"/>
  <testcase classname="tutorialsNinja.TestCases.LoginTest" name="verifyLoginWithValidCredentials" time="4.488"/>
  <testcase classname="tutorialsNinja.TestCases.LoginTest" name="verifyLoginWithINValidPassword" time="4.116"/>
  <testcase classname="tutorialsNinja.TestCases.LoginTest" name="verifyLoginWithInValidEmail" time="4.156"/>
  <testcase classname="tutorialsNinja.TestCases.LoginTest" name="verifyLoginWithInvalidCredentials" time="3.579">
    <error message="Keys to send should be a not null CharSequence" type="java.lang.IllegalArgumentException">
      <![CDATA[java.lang.IllegalArgumentException: Keys to send should be a not null CharSequence
at org.openqa.selenium.remote.RemoteWebElement.sendKeys(RemoteWebElement.java:96)
at jdk.internal.reflect.GeneratedMethodAccessor1.invoke(Unknown Source)
at java.base/jdk.internal.reflect.DelegatingMethodAccessorImpl.invoke(DelegatingMethodAccessorImpl.java:43)
at java.base/java.lang.reflect.Method.invoke(Method.java:568)
at org.openqa.selenium.support.pagefactory.internal.LocatingElementHandler.invoke(LocatingElementHandler.java:51)
at jdk.proxy2/jdk.proxy2.$Proxy13.sendKeys(Unknown Source)
at tutorialsNinja.Pages.LoginPage.navigateToLoginPageByCombinig3Actions(LoginPage.java:31)
at tutorialsNinja.TestCases.LoginTest.verifyLoginWithInvalidCredentials(LoginTest.java:76)
at java.base/jdk.internal.reflect.NativeMethodAccessorImpl.invoke0(Native Method)
at java.base/jdk.internal.reflect.NativeMethodAccessorImpl.invoke(NativeMethodAccessorImpl.java:77)
at java.base/jdk.internal.reflect.DelegatingMethodAccessorImpl.invoke(DelegatingMethodAccessorImpl.java:43)
at java.base/java.lang.reflect.Method.invoke(Method.java:568)
at org.testng.internal.invokers.MethodInvocationHelper.invokeMethod(MethodInvocationHelper.java:139)
at org.testng.internal.invokers.TestInvoker.invokeMethod(TestInvoker.java:664)
at org.testng.internal.invokers.TestInvoker.invokeTestMethod(TestInvoker.java:228)
at org.testng.internal.invokers.MethodRunner.runInSequence(MethodRunner.java:63)
at org.testng.internal.invokers.TestInvoker$MethodInvocationAgent.invoke(TestInvoker.java:961)
at org.testng.internal.invokers.TestInvoker.invokeTestMethods(TestInvoker.java:201)
at org.testng.internal.invokers.TestMethodWorker.invokeTestMethods(TestMethodWorker.java:148)
at org.testng.internal.invokers.TestMethodWorker.run(TestMethodWorker.java:128)
at java.base/java.util.ArrayList.forEach(ArrayList.java:1511)
at org.testng.TestRunner.privateRun(TestRunner.java:819)
at org.testng.TestRunner.run(TestRunner.java:619)
at org.testng.SuiteRunner.runTest(SuiteRunner.java:443)
at org.testng.SuiteRunner.runSequentially(SuiteRunner.java:437)
at org.testng.SuiteRunner.privateRun(SuiteRunner.java:397)
at org.testng.SuiteRunner.run(SuiteRunner.java:336)
at org.testng.SuiteRunnerWorker.runSuite(SuiteRunnerWorker.java:52)
at org.testng.SuiteRunnerWorker.run(SuiteRunnerWorker.java:95)
at org.testng.TestNG.runSuitesSequentially(TestNG.java:1301)
at org.testng.TestNG.runSuitesLocally(TestNG.java:1228)
at org.testng.TestNG.runSuites(TestNG.java:1134)
at org.testng.TestNG.run(TestNG.java:1101)
at org.testng.remote.AbstractRemoteTestNG.run(AbstractRemoteTestNG.java:115)
at org.testng.remote.RemoteTestNG.initAndRun(RemoteTestNG.java:251)
at org.testng.remote.RemoteTestNG.main(RemoteTestNG.java:77)
]]>
    </error>
  </testcase> <!-- verifyLoginWithInvalidCredentials -->
  <testcase classname="tutorialsNinja.TestCases.LoginTest" name="verifyLoginWithValidNoCredentials" time="4.004"/>
</testsuite> <!-- tutorialsNinja.TestCases.LoginTest -->
